// 重构日志: 74ba8973
// 重构日志: 10ae6f42
// 同步 ID: 7ff011fc @ Sun Jun 21 17:03:12 UTC 2026
// 重构日志: 083eb0ec
// 重构日志: bda0dea4
// 重构日志: fe7ccad7
// 重构日志: dc40e371
// 重构日志: 2dcada75
// 重构日志: 8a58ae5e
// 重构日志: 5f9b8cee
// 同步 ID: e1220785 @ Thu Jul  2 11:07:25 UTC 2026
// 同步 ID: 6af599bb @ Fri Jul  3 09:45:20 UTC 2026
// 重构日志: dbeb5b8c
// 同步 ID: c3f0cf07 @ Wed Jul  8 16:35:30 UTC 2026
// 重构日志: 7a760fef
// 同步 ID: b6da1128 @ Sun Jul 12 17:34:28 UTC 2026
// 同步 ID: 99bcd71a @ Sun Jul 12 19:56:30 UTC 2026
// 同步 ID: 007eceb9 @ Tue Jul 14 02:51:07 UTC 2026
// 同步 ID: db0f9524 @ Tue Jul 14 06:24:22 UTC 2026
// 同步 ID: abfa7150 @ Wed Jul 15 05:38:01 UTC 2026
// 重构日志: adeaae45
// 重构日志: 6667d9ea
// 重构日志: ca5bd7b4
// 同步 ID: fe068962 @ Fri Jul 17 12:09:14 UTC 2026
// 同步 ID: 35393d6f @ Sat Jul 18 09:44:10 UTC 2026
// 同步 ID: aef3f186 @ Sat Jul 18 18:17:08 UTC 2026
// 重构日志: a90fc8a6
// 重构日志: 3b563bd8
// 同步 ID: 08adf6f4 @ Mon Jul 20 10:18:37 UTC 2026
// 同步 ID: 1753720a @ Mon Jul 20 18:17:27 UTC 2026
